15:14:18 Message from Server: Authorization Failure!
15:14:18 Message from Server: Welcome to the Server!
15:14:18 LINE 171::: RETURNING THE ERROR HERE
15:14:18 LINE 171::: RETURNING THE ERROR HERE
15:20:37 Message from Server: Authorization Failure!
15:20:37 Message from Server: Welcome to the Server!
15:20:37 LINE 171::: RETURNING THE ERROR HERE
15:20:37 LINE 171::: RETURNING THE ERROR HERE
15:20:37 NOT PRINTING ERR :: Server Connection Failed: Try Again Later!
15:20:37 NOT PRINTING ERR :: Server Connection Failed: Try Again Later!
15:21:26 Message from Server: Welcome to the Server!
15:21:26 NOT PRINTING ERR :: Server Connection Failed: Try Again Later!
15:21:44 Message from Server: Welcome to the Server!
15:21:44 NOT PRINTING ERR :: Server Connection Failed: Try Again Later!
15:22:11 Message from Server: Welcome to the Server!
15:22:11 NOT PRINTING ERR :: Server Connection Failed: Try Again Later!
15:23:59 NOT PRINTING ERR :: Server Connection Failed: Try Again Later!
15:24:07 NOT PRINTING ERR :: Server Connection Failed: Try Again Later!
15:24:13 NOT PRINTING ERR :: Server Connection Failed: Try Again Later!
15:24:18 NOT PRINTING ERR :: Server Connection Failed: Try Again Later!
15:24:18 NOT PRINTING ERR :: Server Connection Failed: Try Again Later!
15:27:32 Message from Server: Welcome to the Server!
15:27:32 Message from Server: nah joined!
15:27:37 Message from Server: Welcome to the Server!
15:27:40 Message from Server: Welcome to the Server!
15:29:46 Init Error: Trying to Connect to the Server
15:30:20 Message from Server: Welcome to the Server!
15:30:20 Message from Server: yo joined!
15:30:37 Message from Server: b joined!
15:30:37 Message from Server: Welcome to the Server!
15:30:37 Message from Server: b joined!
15:30:40 Message from Server: ayyy
15:31:28 Message from Server: yooo
15:31:32 Message from Server: hi
15:31:34 Message from Server: b left!
15:32:35 Message from Server: Welcome to the Server!
15:32:35 Message from Server: heyo joined!
15:32:57 Message from Server: Welcome to the Server!
15:32:57 Message from Server: heyo joined!
15:51:44 Message from Server: Welcome to the Server!
15:51:44 Message from Server: bruh joined!
15:53:31 Message from Server: Welcome to the Server!
15:53:31 Message from Server: heyo joined!
16:13:56 Init Error: Trying to Connect to the Server
16:15:17 Init Error: Trying to Connect to the Server
16:18:35 Init Error: Trying to Connect to the Server
16:26:43 Init Error: Trying to Connect to the Server
16:39:27 Message from Server: Welcome to the Server!
16:39:27 Message from Server: buh joined!
16:39:43 Message from Server: Welcome to the Server!
16:39:43 Message from Server: man joined!
16:39:43 Message from Server: man joined!
16:39:45 Message from Server: yoo
16:39:49 Message from Server: man left!
17:24:00 Message from Server: Welcome to the Server!
17:24:00 Message from Server: bruh joined!
17:31:58 Message from Server: Welcome to the Server!
17:31:58 Message from Server: bruh joined!
17:32:48 Message from Server: Welcome to the Server!
17:32:48 Message from Server: sup joined!
19:13:04 Message from Server: Welcome to the Server!
19:13:04 Message from Server: yooo joined!
19:13:38 Message from Server: Welcome to the Server!
19:13:38 Message from Server: hi joined!
19:14:55 Message from Server: Welcome to the Server!
19:14:55 Message from Server: sup joined!
